<?xml version="1.0" encoding="UTF-8"?>
<!-- Generated by org.testng.reporters.JUnitReportReporter -->
<testsuite skipped="0" hostname="LAPTOP-H9B048JB" name="Test.ToggleCheckOnTest" tests="3" failures="0" timestamp="10 Sep 2020 01:35:47 GMT" time="29.087" errors="0">
  <testcase name="validateToggleChecked" time="24.475" classname="Test.ToggleCheckOnTest"/>
  <testcase name="validateSingleToggleItemRemove" time="2.421" classname="Test.ToggleCheckOnTest"/>
  <testcase name="validateAllToggleItemRemove" time="2.191" classname="Test.ToggleCheckOnTest"/>
</testsuite> <!-- Test.ToggleCheckOnTest -->
