<?xml version="1.0" encoding="UTF-8"?>
<!-- Generated by org.testng.reporters.JUnitReportReporter -->
<testsuite skipped="0" hostname="LAPTOP-H9B048JB" name="Test.ToggleCheckOnTest" tests="3" failures="0" timestamp="26 Nov 2020 08:36:26 GMT" time="49.318" errors="0">
  <testcase name="validateToggleChecked" time="45.400" classname="Test.ToggleCheckOnTest"/>
  <testcase name="validateSingleToggleItemRemove" time="2.160" classname="Test.ToggleCheckOnTest"/>
  <testcase name="validateAllToggleItemRemove" time="1.758" classname="Test.ToggleCheckOnTest"/>
</testsuite> <!-- Test.ToggleCheckOnTest -->
