<?xml version="1.0" encoding="UTF-8"?>
<!-- Generated by org.testng.reporters.JUnitReportReporter -->
<testsuite skipped="0" hostname="LAPTOP-H9B048JB" name="Test.ToggleCheckOnTest" tests="3" failures="0" timestamp="09 Sep 2020 23:30:10 GMT" time="36.057" errors="0">
  <testcase name="validateToggleChecked" time="22.598" classname="Test.ToggleCheckOnTest"/>
  <testcase name="validateSingleToggleItemRemove" time="1.912" classname="Test.ToggleCheckOnTest"/>
  <testcase name="validateAllToggleItemRemove" time="11.547" classname="Test.ToggleCheckOnTest"/>
</testsuite> <!-- Test.ToggleCheckOnTest -->
